# JRE version: OpenJDK Runtime Environment (8.0_275-b01) (build 1.8.0_275-b01)
# Java VM: OpenJDK 64-Bit Server VM (25.275-b01 mixed mode windows-amd64 compressed oops)
Heap:
 PSYoungGen      total 378368K, used 94833K [0x000000076ab00000, 0x0000000784700000, 0x00000007c0000000)
  eden space 350720K, 22% used [0x000000076ab00000,0x000000076f75c788,0x0000000780180000)
  from space 27648K, 60% used [0x0000000780180000,0x00000007811c0010,0x0000000781c80000)
  to   space 24576K, 0% used [0x0000000781c80000,0x0000000781c80000,0x0000000783480000)
 ParOldGen       total 128000K, used 51256K [0x00000006c0000000, 0x00000006c7d00000, 0x000000076ab00000)
  object space 128000K, 40% used [0x00000006c0000000,0x00000006c320e060,0x00000006c7d00000)
 Metaspace       used 65317K, capacity 69676K, committed 69848K, reserved 1110016K
  class space    used 8943K, capacity 9977K, committed 9984K, reserved 1048576K
GC Heap History (10 events):
Event: 62.138 GC heap before
{Heap before GC invocations=28 (full 3):
 PSYoungGen      total 297472K, used 287488K [0x000000076ab00000, 0x000000077e580000, 0x00000007c0000000)
  eden space 285184K, 100% used [0x000000076ab00000,0x000000077c180000,0x000000077c180000)
  from space 12288K, 18% used [0x000000077d980000,0x000000077dbc0010,0x000000077e580000)
  to   space 18432K, 0% used [0x000000077c180000,0x000000077c180000,0x000000077d380000)
 ParOldGen       total 128000K, used 50008K [0x00000006c0000000, 0x00000006c7d00000, 0x000000076ab00000)
  object space 128000K, 39% used [0x00000006c0000000,0x00000006c30d6010,0x00000006c7d00000)
 Metaspace       used 63659K, capacity 66716K, committed 67032K, reserved 1107968K
  class space    used 8735K, capacity 9389K, committed 9472K, reserved 1048576K
Event: 62.141 GC heap after
Heap after GC invocations=28 (full 3):
 PSYoungGen      total 303616K, used 1600K [0x000000076ab00000, 0x0000000780580000, 0x00000007c0000000)
  eden space 285184K, 0% used [0x000000076ab00000,0x000000076ab00000,0x000000077c180000)
  from space 18432K, 8% used [0x000000077c180000,0x000000077c310010,0x000000077d380000)
  to   space 17920K, 0% used [0x000000077f400000,0x000000077f400000,0x0000000780580000)
 ParOldGen       total 128000K, used 50016K [0x00000006c0000000, 0x00000006c7d00000, 0x000000076ab00000)
  object space 128000K, 39% used [0x00000006c0000000,0x00000006c30d8010,0x00000006c7d00000)
 Metaspace       used 63659K, capacity 66716K, committed 67032K, reserved 1107968K
  class space    used 8735K, capacity 9389K, committed 9472K, reserved 1048576K
}
Event: 70.227 GC heap before
{Heap before GC invocations=29 (full 3):
 PSYoungGen      total 303616K, used 286784K [0x000000076ab00000, 0x0000000780580000, 0x00000007c0000000)
  eden space 285184K, 100% used [0x000000076ab00000,0x000000077c180000,0x000000077c180000)
  from space 18432K, 8% used [0x000000077c180000,0x000000077c310010,0x000000077d380000)
  to   space 17920K, 0% used [0x000000077f400000,0x000000077f400000,0x0000000780580000)
 ParOldGen       total 128000K, used 50016K [0x00000006c0000000, 0x00000006c7d00000, 0x000000076ab00000)
  object space 128000K, 39% used [0x00000006c0000000,0x00000006c30d8010,0x00000006c7d00000)
 Metaspace       used 65285K, capacity 69574K, committed 69848K, reserved 1110016K
  class space    used 8942K, capacity 9944K, committed 9984K, reserved 1048576K
Event: 70.251 GC heap after
Heap after GC invocations=29 (full 3):
 PSYoungGen      total 333824K, used 17815K [0x000000076ab00000, 0x0000000780880000, 0x00000007c0000000)
  eden space 315904K, 0% used [0x000000076ab00000,0x000000076ab00000,0x000000077df80000)
  from space 17920K, 99% used [0x000000077f400000,0x0000000780565f18,0x0000000780580000)
  to   space 20992K, 0% used [0x000000077df80000,0x000000077df80000,0x000000077f400000)
 ParOldGen       total 128000K, used 50024K [0x00000006c0000000, 0x00000006c7d00000, 0x000000076ab00000)
  object space 128000K, 39% used [0x00000006c0000000,0x00000006c30da010,0x00000006c7d00000)
 Metaspace       used 65285K, capacity 69574K, committed 69848K, reserved 1110016K
  class space    used 8942K, capacity 9944K, committed 9984K, reserved 1048576K
}
Event: 71.865 GC heap before
{Heap before GC invocations=30 (full 3):
 PSYoungGen      total 333824K, used 333719K [0x000000076ab00000, 0x0000000780880000, 0x00000007c0000000)
  eden space 315904K, 100% used [0x000000076ab00000,0x000000077df80000,0x000000077df80000)
  from space 17920K, 99% used [0x000000077f400000,0x0000000780565f18,0x0000000780580000)
  to   space 20992K, 0% used [0x000000077df80000,0x000000077df80000,0x000000077f400000)
 ParOldGen       total 128000K, used 50141K [0x00000006c0000000, 0x00000006c7d00000, 0x000000076ab00000)
  object space 128000K, 39% used [0x00000006c0000000,0x00000006c30f77d8,0x00000006c7d00000)
 Metaspace       used 65293K, capacity 69574K, committed 69848K, reserved 1110016K
  class space    used 8942K, capacity 9944K, committed 9984K, reserved 1048576K
Event: 71.884 GC heap after
Heap after GC invocations=30 (full 3):
 PSYoungGen      total 336896K, used 19539K [0x000000076ab00000, 0x0000000783480000, 0x00000007c0000000)
  eden space 315904K, 0% used [0x000000076ab00000,0x000000076ab00000,0x000000077df80000)
  from space 20992K, 93% used [0x000000077df80000,0x000000077f294d68,0x000000077f400000)
  to   space 24576K, 0% used [0x0000000781c80000,0x0000000781c80000,0x0000000783480000)
 ParOldGen       total 128000K, used 50149K [0x00000006c0000000, 0x00000006c7d00000, 0x000000076ab00000)
  object space 128000K, 39% used [0x00000006c0000000,0x00000006c30f97d8,0x00000006c7d00000)
 Metaspace       used 65293K, capacity 69574K, committed 69848K, reserved 1110016K
  class space    used 8942K, capacity 9944K, committed 9984K, reserved 1048576K
}
Event: 72.796 GC heap before
{Heap before GC invocations=31 (full 3):
 PSYoungGen      total 336896K, used 335443K [0x000000076ab00000, 0x0000000783480000, 0x00000007c0000000)
  eden space 315904K, 100% used [0x000000076ab00000,0x000000077df80000,0x000000077df80000)
  from space 20992K, 93% used [0x000000077df80000,0x000000077f294d68,0x000000077f400000)
  to   space 24576K, 0% used [0x0000000781c80000,0x0000000781c80000,0x0000000783480000)
 ParOldGen       total 128000K, used 50173K [0x00000006c0000000, 0x00000006c7d00000, 0x000000076ab00000)
  object space 128000K, 39% used [0x00000006c0000000,0x00000006c30ff578,0x00000006c7d00000)
 Metaspace       used 65312K, capacity 69670K, committed 69848K, reserved 1110016K
  class space    used 8943K, capacity 9976K, committed 9984K, reserved 1048576K
Event: 72.826 GC heap after
Heap after GC invocations=31 (full 3):
 PSYoungGen      total 375296K, used 20411K [0x000000076ab00000, 0x0000000784700000, 0x00000007c0000000)
  eden space 350720K, 0% used [0x000000076ab00000,0x000000076ab00000,0x0000000780180000)
  from space 24576K, 83% used [0x0000000781c80000,0x000000078306ee08,0x0000000783480000)
  to   space 27648K, 0% used [0x0000000780180000,0x0000000780180000,0x0000000781c80000)
 ParOldGen       total 128000K, used 50181K [0x00000006c0000000, 0x00000006c7d00000, 0x000000076ab00000)
  object space 128000K, 39% used [0x00000006c0000000,0x00000006c3101578,0x00000006c7d00000)
 Metaspace       used 65312K, capacity 69670K, committed 69848K, reserved 1110016K
  class space    used 8943K, capacity 9976K, committed 9984K, reserved 1048576K
}
Event: 75.235 GC heap before
{Heap before GC invocations=32 (full 3):
 PSYoungGen      total 375296K, used 371131K [0x000000076ab00000, 0x0000000784700000, 0x00000007c0000000)
  eden space 350720K, 100% used [0x000000076ab00000,0x0000000780180000,0x0000000780180000)
  from space 24576K, 83% used [0x0000000781c80000,0x000000078306ee08,0x0000000783480000)
  to   space 27648K, 0% used [0x0000000780180000,0x0000000780180000,0x0000000781c80000)
 ParOldGen       total 128000K, used 50192K [0x00000006c0000000, 0x00000006c7d00000, 0x000000076ab00000)
  object space 128000K, 39% used [0x00000006c0000000,0x00000006c3104050,0x00000006c7d00000)
 Metaspace       used 65313K, capacity 69670K, committed 69848K, reserved 1110016K
  class space    used 8943K, capacity 9976K, committed 9984K, reserved 1048576K
Event: 75.258 GC heap after
Heap after GC invocations=32 (full 3):
 PSYoungGen      total 378368K, used 16640K [0x000000076ab00000, 0x0000000784700000, 0x00000007c0000000)
  eden space 350720K, 0% used [0x000000076ab00000,0x000000076ab00000,0x0000000780180000)
  from space 27648K, 60% used [0x0000000780180000,0x00000007811c0010,0x0000000781c80000)
  to   space 24576K, 0% used [0x0000000781c80000,0x0000000781c80000,0x0000000783480000)
 ParOldGen       total 128000K, used 51256K [0x00000006c0000000, 0x00000006c7d00000, 0x000000076ab00000)
  object space 128000K, 40% used [0x00000006c0000000,0x00000006c320e060,0x00000006c7d00000)
 Metaspace       used 65313K, capacity 69670K, committed 69848K, reserved 1110016K
  class space    used 8943K, capacity 9976K, committed 9984K, reserved 1048576K
}

